<?xml version="1.0" encoding="UTF-8"?>
<testng-results skipped="0" failed="1" ignored="0" total="1" passed="0">
  <reporter-output>
  </reporter-output>
  <suite name="Default suite" duration-ms="5128" started-at="2021-02-03T15:39:53Z" finished-at="2021-02-03T15:39:58Z">
    <groups>
    </groups>
    <test name="Default test" duration-ms="5128" started-at="2021-02-03T15:39:53Z" finished-at="2021-02-03T15:39:58Z">
      <class name="vikash.EmailSendingProject.MyTest1">
        <test-method status="PASS" signature="beforeClass()[pri:0, instance:vikash.EmailSendingProject.MyTest1@28d25987]" name="beforeClass" is-config="true" duration-ms="33" started-at="2021-02-03T15:39:53Z" finished-at="2021-02-03T15:39:53Z">
          <reporter-output>
          </reporter-output>
        </test-method> <!-- beforeClass -->
        <test-method status="FAIL" signature="myTest()[pri:0, instance:vikash.EmailSendingProject.MyTest1@28d25987]" name="myTest" duration-ms="12" started-at="2021-02-03T15:39:53Z" finished-at="2021-02-03T15:39:53Z">
          <exception class="java.lang.AssertionError">
            <message>
              <![CDATA[expected [10] but found [90]]]>
            </message>
            <full-stacktrace>
              <![CDATA[java.lang.AssertionError: expected [10] but found [90]
at org.testng.Assert.fail(Assert.java:96)
at org.testng.Assert.failNotEquals(Assert.java:776)
at org.testng.Assert.assertEqualsImpl(Assert.java:137)
at org.testng.Assert.assertEquals(Assert.java:118)
at org.testng.Assert.assertEquals(Assert.java:652)
at org.testng.Assert.assertEquals(Assert.java:662)
at vikash.EmailSendingProject.MyTest1.myTest(MyTest1.java:17)
at sun.reflect.NativeMethodAccessorImpl.invoke0(Native Method)
at sun.reflect.NativeMethodAccessorImpl.invoke(Unknown Source)
at sun.reflect.DelegatingMethodAccessorImpl.invoke(Unknown Source)
at java.lang.reflect.Method.invoke(Unknown Source)
at org.testng.internal.MethodInvocationHelper.invokeMethod(MethodInvocationHelper.java:124)
at org.testng.internal.Invoker.invokeMethod(Invoker.java:583)
at org.testng.internal.Invoker.invokeTestMethod(Invoker.java:719)
at org.testng.internal.Invoker.invokeTestMethods(Invoker.java:989)
at org.testng.internal.TestMethodWorker.invokeTestMethods(TestMethodWorker.java:125)
at org.testng.internal.TestMethodWorker.run(TestMethodWorker.java:109)
at org.testng.TestRunner.privateRun(TestRunner.java:648)
at org.testng.TestRunner.run(TestRunner.java:505)
at org.testng.SuiteRunner.runTest(SuiteRunner.java:455)
at org.testng.SuiteRunner.runSequentially(SuiteRunner.java:450)
at org.testng.SuiteRunner.privateRun(SuiteRunner.java:415)
at org.testng.SuiteRunner.run(SuiteRunner.java:364)
at org.testng.SuiteRunnerWorker.runSuite(SuiteRunnerWorker.java:52)
at org.testng.SuiteRunnerWorker.run(SuiteRunnerWorker.java:84)
at org.testng.TestNG.runSuitesSequentially(TestNG.java:1208)
at org.testng.TestNG.runSuitesLocally(TestNG.java:1137)
at org.testng.TestNG.runSuites(TestNG.java:1049)
at org.testng.TestNG.run(TestNG.java:1017)
at org.testng.remote.AbstractRemoteTestNG.run(AbstractRemoteTestNG.java:114)
at org.testng.remote.RemoteTestNG.initAndRun(RemoteTestNG.java:251)
at org.testng.remote.RemoteTestNG.main(RemoteTestNG.java:77)
]]>
            </full-stacktrace>
          </exception> <!-- java.lang.AssertionError -->
          <reporter-output>
          </reporter-output>
        </test-method> <!-- myTest -->
        <test-method status="PASS" signature="afterClass(org.testng.ITestResult)[pri:0, instance:vikash.EmailSendingProject.MyTest1@28d25987]" name="afterClass" is-config="true" duration-ms="5039" started-at="2021-02-03T15:39:53Z" finished-at="2021-02-03T15:39:58Z">
          <params>
            <param index="0">
              <value>
                <![CDATA[[TestResult name=myTest status=FAILURE method=MyTest1.myTest()[pri:0, instance:vikash.EmailSendingProject.MyTest1@28d25987] output={null}]]]>
              </value>
            </param>
          </params>
          <reporter-output>
          </reporter-output>
        </test-method> <!-- afterClass -->
      </class> <!-- vikash.EmailSendingProject.MyTest1 -->
    </test> <!-- Default test -->
  </suite> <!-- Default suite -->
</testng-results>
